<?xml version="1.0" encoding="UTF-8"?>
<!-- Generated by org.testng.reporters.JUnitXMLReporter -->
<testsuite ignored="0" hostname="DESKTOP-VQ0I9HT" failures="1" tests="2" name="Test" time="24.461" errors="0" timestamp="2025-05-23T14:04:56 IST">
  <testcase classname="testCases.TC001_AccountRegistrationTest" name="AccountRegistrationTest" time="2.819"/>
  <testcase classname="testCases.TC002_LoginTest" name="verify_Login" time="11.501">
    <failure type="java.lang.AssertionError" message="expected [true] but found [false]">
      <![CDATA[java.lang.AssertionError: expected [true] but found [false]
at testCases.TC002_LoginTest.verify_Login(TC002_LoginTest.java:34)
at java.base/java.util.ArrayList.forEach(ArrayList.java:1597)
... Removed 29 stack frames]]>
    </failure>
  </testcase> <!-- verify_Login -->
</testsuite> <!-- Test -->
