<?xml version="1.0" encoding="UTF-8"?>
<testsuite xmlns:xsi="http://www.w3.org/2001/XMLSchema-instance" xsi:noNamespaceSchemaLocation="https://maven.apache.org/surefire/maven-surefire-plugin/xsd/surefire-test-report-3.0.xsd" version="3.0" name="TestSuite" time="25.267" tests="2" errors="0" skipped="0" failures="0">
  <properties>
[...]
</properties>
  <testcase name="AccountRegistrationTest" classname="testCases.TC001_AccountRegistrationTest" time="3.772">
    <system-out><![CDATA[2025-06-12T17:17:16.888664300Z main DEBUG Apache Log4j Core 2.24 initializing configuration XmlConfiguration[location=C:\Users\HP\eclipse-workspace\OpenCartv121\target\test-classes\log4j2.xml, lastModified=2025-05-23T06:02:05.171Z]
2025-06-12T17:17:16.891653400Z main DEBUG PluginManager 'Core' found 131 plugins
2025-06-12T17:17:16.892646800Z main DEBUG PluginManager 'Level' found 0 plugins
2025-06-12T17:17:16.904732900Z main DEBUG Building Plugin[name=Property, class=org.apache.logging.log4j.core.config.Property].
2025-06-12T17:17:16.948293300Z main DEBUG PluginManager 'TypeConverter' found 26 plugins
2025-06-12T17:17:16.962608700Z main DEBUG createProperty(name="basePath", value="./logs", Configuration(C:\Users\HP\eclipse-workspace\OpenCartv121\target\test-classes\log4j2.xml))
2025-06-12T17:17:16.966202700Z main DEBUG Building Plugin[name=Properties, class=org.apache.logging.log4j.core.config.PropertiesPlugin].
2025-06-12T17:17:16.982608Z main DEBUG configureSubstitutor(={basePath=./logs}, Configuration(C:\Users\HP\eclipse-workspace\OpenCartv121\target\test-classes\log4j2.xml))
2025-06-12T17:17:16.985615Z main DEBUG PluginManager 'Lookup' found 16 plugins
2025-06-12T17:17:16.986610200Z main DEBUG Building Plugin[name=layout, class=org.apache.logging.log4j.core.layout.PatternLayout].
2025-06-12T17:17:17.004049200Z main DEBUG PatternLayout$Builder(pattern="%d{HH:mm:ss.SSS} [%t] %-5level %logger{36} - %msg%n", PatternSelector=null, Configuration(C:\Users\HP\eclipse-workspace\OpenCartv121\target\test-classes\log4j2.xml), Replace=null, charset="null", alwaysWriteExceptions="null", disableAnsi="null", noConsoleNoAnsi="null", header="null", footer="null")
2025-06-12T17:17:17.004658Z main DEBUG PluginManager 'Converter' found 45 plugins
2025-06-12T17:17:17.005658100Z main DEBUG Building Plugin[name=appender, class=org.apache.logging.log4j.core.appender.ConsoleAppender].
2025-06-12T17:17:17.020726900Z main DEBUG ConsoleAppender$Builder(target="SYSTEM_OUT", follow="null", direct="null", bufferedIo="null", bufferSize="null", immediateFlush="null", ignoreExceptions="null", PatternLayout(%d{HH:mm:ss.SSS} [%t] %-5level %logger{36} - %msg%n), name="Console", Configuration(C:\Users\HP\eclipse-workspace\OpenCartv121\target\test-classes\log4j2.xml), Filter=null, ={})
2025-06-12T17:17:17.025662600Z main DEBUG Starting OutputStreamManager SYSTEM_OUT.false.false
2025-06-12T17:17:17.025662600Z main DEBUG Building Plugin[name=layout, class=org.apache.logging.log4j.core.layout.PatternLayout].
2025-06-12T17:17:17.026688900Z main DEBUG PatternLayout$Builder(pattern="%d{HH:mm:ss.SSS} [%t] %-5level %logger{36} - %msg%n", PatternSelector=null, Configuration(C:\Users\HP\eclipse-workspace\OpenCartv121\target\test-classes\log4j2.xml), Replace=null, charset="null", alwaysWriteExceptions="null", disableAnsi="null", noConsoleNoAnsi="null", header="null", footer="null")
2025-06-12T17:17:17.028889100Z main DEBUG Building Plugin[name=SizeBasedTriggeringPolicy, class=org.apache.logging.log4j.core.appender.rolling.SizeBasedTriggeringPolicy].
2025-06-12T17:17:17.032658900Z main DEBUG createPolicy(size="50000")
2025-06-12T17:17:17.034661200Z main DEBUG Building Plugin[name=appender, class=org.apache.logging.log4j.core.appender.RollingFileAppender].
2025-06-12T17:17:17.039658400Z main DEBUG RollingFileAppender$Builder(fileName="./logs/automation.log", filePattern="./logs/automation-%d{yyyy-MM-dd-HH-mm-ss}.log", append="null", locking="null", SizeBasedTriggeringPolicy(SizeBasedTriggeringPolicy(size=50000)), Strategy=null, advertise="null", advertiseUri="null", createOnDemand="null", filePermissions="null", fileOwner="null", fileGroup="null", bufferedIo="null", bufferSize="null", immediateFlush="null", ignoreExceptions="null", PatternLayout(%d{HH:mm:ss.SSS} [%t] %-5level %logger{36} - %msg%n), name="File", Configuration(C:\Users\HP\eclipse-workspace\OpenCartv121\target\test-classes\log4j2.xml), Filter=null, ={})
2025-06-12T17:17:17.048660400Z main DEBUG Returning file creation time for C:\Users\HP\eclipse-workspace\OpenCartv121\.\logs\automation.log
2025-06-12T17:17:17.049148100Z main DEBUG Starting RollingFileManager ./logs/automation.log
2025-06-12T17:17:17.050659100Z main DEBUG PluginManager 'FileConverter' found 2 plugins
2025-06-12T17:17:17.063054Z main DEBUG Setting prev file time to 2025-05-27T11:27:58.368+0530
2025-06-12T17:17:17.063721600Z main DEBUG Initializing triggering policy SizeBasedTriggeringPolicy(size=50000)
2025-06-12T17:17:17.063721600Z main DEBUG Building Plugin[name=Appenders, class=org.apache.logging.log4j.core.config.AppendersPlugin].
2025-06-12T17:17:17.064982500Z main DEBUG createAppenders(={Console, File})
2025-06-12T17:17:17.065699800Z main DEBUG Building Plugin[name=AppenderRef, class=org.apache.logging.log4j.core.config.AppenderRef].
2025-06-12T17:17:17.066659400Z main DEBUG createAppenderRef(ref="File", level="null", Filter=null)
2025-06-12T17:17:17.067658100Z main DEBUG Building Plugin[name=Root, class=org.apache.logging.log4j.core.config.LoggerConfig$RootLogger].
2025-06-12T17:17:17.071658300Z main DEBUG LoggerConfig$RootLogger$Builder(additivity="null", level="DEBUG", levelAndRefs="null", includeLocation="null", ={File}, ={}, Configuration(C:\Users\HP\eclipse-workspace\OpenCartv121\target\test-classes\log4j2.xml), Filter=null)
2025-06-12T17:17:17.078661700Z main DEBUG Building Plugin[name=Loggers, class=org.apache.logging.log4j.core.config.LoggersPlugin].
2025-06-12T17:17:17.082659100Z main DEBUG createLoggers(={root})
2025-06-12T17:17:17.084661400Z main DEBUG Configuration XmlConfiguration[location=C:\Users\HP\eclipse-workspace\OpenCartv121\target\test-classes\log4j2.xml, lastModified=2025-05-23T06:02:05.171Z] initialized
2025-06-12T17:17:17.085669900Z main INFO Starting configuration XmlConfiguration[location=C:\Users\HP\eclipse-workspace\OpenCartv121\target\test-classes\log4j2.xml, lastModified=2025-05-23T06:02:05.171Z]...
2025-06-12T17:17:17.085669900Z main INFO Start watching for changes to C:\Users\HP\eclipse-workspace\OpenCartv121\target\test-classes\log4j2.xml every 0 seconds
2025-06-12T17:17:17.086108200Z main INFO Configuration XmlConfiguration[location=C:\Users\HP\eclipse-workspace\OpenCartv121\target\test-classes\log4j2.xml, lastModified=2025-05-23T06:02:05.171Z] started.
2025-06-12T17:17:17.089666500Z main INFO Stopping configuration org.apache.logging.log4j.core.config.DefaultConfiguration@753432a2...
2025-06-12T17:17:17.089666500Z main DEBUG Shutting down OutputStreamManager SYSTEM_OUT.false.false-1
2025-06-12T17:17:17.090659300Z main DEBUG OutputStream closed
2025-06-12T17:17:17.090659300Z main DEBUG Shut down OutputStreamManager SYSTEM_OUT.false.false-1, all resources released: true
2025-06-12T17:17:17.091139100Z main DEBUG Appender DefaultConsole-1 stopped with status true
2025-06-12T17:17:17.091139100Z main INFO Configuration org.apache.logging.log4j.core.config.DefaultConfiguration@753432a2 stopped.
2025-06-12T17:17:17.094656800Z main DEBUG org.apache.logging.log4j.core.util.SystemClock supports precise timestamps.
2025-06-12T17:17:17.095317500Z main DEBUG Reconfiguration complete for context[name=70dea4e] at URI C:\Users\HP\eclipse-workspace\OpenCartv121\target\test-classes\log4j2.xml (org.apache.logging.log4j.core.LoggerContext@346939bf) with optional ClassLoader: null
2025-06-12T17:17:17.095860400Z main DEBUG Shutdown hook enabled. Registering a new one.
2025-06-12T17:17:17.098659800Z main DEBUG LoggerContext[name=70dea4e, org.apache.logging.log4j.core.LoggerContext@346939bf] started OK.
]]></system-out>
    <system-err><![CDATA[SLF4J(W): No SLF4J providers were found.
SLF4J(W): Defaulting to no-operation (NOP) logger implementation
SLF4J(W): See https://www.slf4j.org/codes.html#noProviders for further details.
SLF4J(W): Class path contains SLF4J bindings targeting slf4j-api versions 1.7.x or earlier.
SLF4J(W): Ignoring binding found at [jar:file:/C:/Users/HP/.m2/repository/org/apache/logging/log4j/log4j-slf4j-impl/2.23.1/log4j-slf4j-impl-2.23.1.jar!/org/slf4j/impl/StaticLoggerBinder.class]
SLF4J(W): See https://www.slf4j.org/codes.html#ignoredBindings for an explanation.
Jun 12, 2025 10:47:27 PM org.openqa.selenium.devtools.CdpVersionFinder findNearestMatch
WARNING: Unable to find an exact match for CDP version 137, returning the closest version; found: 136; Please update to a Selenium version that supports CDP version 137
]]></system-err>
  </testcase>
  <testcase name="verify_Login" classname="testCases.TC002_LoginTest" time="1.724">
    <system-err><![CDATA[Jun 12, 2025 10:47:35 PM org.openqa.selenium.devtools.CdpVersionFinder findNearestMatch
WARNING: Unable to find an exact match for CDP version 137, returning the closest version; found: 136; Please update to a Selenium version that supports CDP version 137
]]></system-err>
  </testcase>
</testsuite>