<?xml version="1.0" encoding="UTF-8"?>
<testng-results ignored="0" total="2" passed="2" failed="0" skipped="0">
  <reporter-output>
  </reporter-output>
  <suite started-at="2025-06-12T22:47:15 IST" name="Suite" finished-at="2025-06-12T22:47:38 IST" duration-ms="22680">
    <groups>
      <group name="Master">
        <method signature="TC001_AccountRegistrationTest.AccountRegistrationTest()[pri:0, instance:testCases.TC001_AccountRegistrationTest@397fbdb]" name="AccountRegistrationTest" class="testCases.TC001_AccountRegistrationTest"/>
        <method signature="TC002_LoginTest.verify_Login()[pri:0, instance:testCases.TC002_LoginTest@765d7657]" name="verify_Login" class="testCases.TC002_LoginTest"/>
      </group> <!-- Master -->
      <group name="Sanity">
        <method signature="TC002_LoginTest.verify_Login()[pri:0, instance:testCases.TC002_LoginTest@765d7657]" name="verify_Login" class="testCases.TC002_LoginTest"/>
      </group> <!-- Sanity -->
      <group name="Regression">
        <method signature="TC001_AccountRegistrationTest.AccountRegistrationTest()[pri:0, instance:testCases.TC001_AccountRegistrationTest@397fbdb]" name="AccountRegistrationTest" class="testCases.TC001_AccountRegistrationTest"/>
      </group> <!-- Regression -->
    </groups>
    <test started-at="2025-06-12T22:47:15 IST" name="Test" finished-at="2025-06-12T22:47:38 IST" duration-ms="22680">
      <class name="testCases.TC002_LoginTest">
        <test-method is-config="true" signature="SetUp(java.lang.String,java.lang.String)[pri:0, instance:testCases.TC002_LoginTest@765d7657]" started-at="2025-06-12T22:47:33 IST" name="SetUp" finished-at="2025-06-12T22:47:36 IST" duration-ms="3345" status="PASS">
          <params>
            <param index="0">
              <value>
                <![CDATA[Windows]]>
              </value>
            </param>
            <param index="1">
              <value>
                <![CDATA[chrome]]>
              </value>
            </param>
          </params>
          <reporter-output>
          </reporter-output>
        </test-method> <!-- SetUp -->
        <test-method signature="verify_Login()[pri:0, instance:testCases.TC002_LoginTest@765d7657]" started-at="2025-06-12T22:47:36 IST" name="verify_Login" finished-at="2025-06-12T22:47:38 IST" duration-ms="1725" status="PASS">
          <reporter-output>
          </reporter-output>
        </test-method> <!-- verify_Login -->
        <test-method is-config="true" signature="teardown()[pri:0, instance:testCases.TC002_LoginTest@765d7657]" started-at="2025-06-12T22:47:38 IST" name="teardown" finished-at="2025-06-12T22:47:38 IST" duration-ms="234" status="PASS">
          <reporter-output>
          </reporter-output>
        </test-method> <!-- teardown -->
      </class> <!-- testCases.TC002_LoginTest -->
      <class name="testCases.TC001_AccountRegistrationTest">
        <test-method is-config="true" signature="SetUp(java.lang.String,java.lang.String)[pri:0, instance:testCases.TC001_AccountRegistrationTest@397fbdb]" started-at="2025-06-12T22:47:16 IST" name="SetUp" finished-at="2025-06-12T22:47:29 IST" duration-ms="12722" status="PASS">
          <params>
            <param index="0">
              <value>
                <![CDATA[Windows]]>
              </value>
            </param>
            <param index="1">
              <value>
                <![CDATA[chrome]]>
              </value>
            </param>
          </params>
          <reporter-output>
          </reporter-output>
        </test-method> <!-- SetUp -->
        <test-method signature="AccountRegistrationTest()[pri:0, instance:testCases.TC001_AccountRegistrationTest@397fbdb]" started-at="2025-06-12T22:47:29 IST" name="AccountRegistrationTest" finished-at="2025-06-12T22:47:32 IST" duration-ms="3739" status="PASS">
          <reporter-output>
          </reporter-output>
        </test-method> <!-- AccountRegistrationTest -->
        <test-method is-config="true" signature="teardown()[pri:0, instance:testCases.TC001_AccountRegistrationTest@397fbdb]" started-at="2025-06-12T22:47:32 IST" name="teardown" finished-at="2025-06-12T22:47:33 IST" duration-ms="419" status="PASS">
          <reporter-output>
          </reporter-output>
        </test-method> <!-- teardown -->
      </class> <!-- testCases.TC001_AccountRegistrationTest -->
    </test> <!-- Test -->
  </suite> <!-- Suite -->
</testng-results>
