<?xml version="1.0" encoding="UTF-8"?>
<testng-results ignored="0" total="2" passed="2" failed="0" skipped="0">
  <reporter-output>
  </reporter-output>
  <suite started-at="2025-05-27T15:05:31 IST" name="Suite" finished-at="2025-05-27T15:05:46 IST" duration-ms="15122">
    <groups>
      <group name="Master">
        <method signature="TC001_AccountRegistrationTest.AccountRegistrationTest()[pri:0, instance:testCases.TC001_AccountRegistrationTest@65d09a04]" name="AccountRegistrationTest" class="testCases.TC001_AccountRegistrationTest"/>
        <method signature="TC002_LoginTest.verify_Login()[pri:0, instance:testCases.TC002_LoginTest@45b4c3a9]" name="verify_Login" class="testCases.TC002_LoginTest"/>
      </group> <!-- Master -->
      <group name="Sanity">
        <method signature="TC002_LoginTest.verify_Login()[pri:0, instance:testCases.TC002_LoginTest@45b4c3a9]" name="verify_Login" class="testCases.TC002_LoginTest"/>
      </group> <!-- Sanity -->
      <group name="Regression">
        <method signature="TC001_AccountRegistrationTest.AccountRegistrationTest()[pri:0, instance:testCases.TC001_AccountRegistrationTest@65d09a04]" name="AccountRegistrationTest" class="testCases.TC001_AccountRegistrationTest"/>
      </group> <!-- Regression -->
    </groups>
    <test started-at="2025-05-27T15:05:31 IST" name="chromeTest" finished-at="2025-05-27T15:05:46 IST" duration-ms="15122">
      <class name="testCases.TC002_LoginTest">
        <test-method is-config="true" signature="SetUp(java.lang.String,java.lang.String)[pri:0, instance:testCases.TC002_LoginTest@45b4c3a9]" started-at="2025-05-27T15:05:41 IST" name="SetUp" finished-at="2025-05-27T15:05:43 IST" duration-ms="2361" status="PASS">
          <params>
            <param index="0">
              <value>
                <![CDATA[Linux]]>
              </value>
            </param>
            <param index="1">
              <value>
                <![CDATA[chrome]]>
              </value>
            </param>
          </params>
          <reporter-output>
          </reporter-output>
        </test-method> <!-- SetUp -->
        <test-method signature="verify_Login()[pri:0, instance:testCases.TC002_LoginTest@45b4c3a9]" started-at="2025-05-27T15:05:43 IST" name="verify_Login" finished-at="2025-05-27T15:05:46 IST" duration-ms="2662" status="PASS">
          <reporter-output>
          </reporter-output>
        </test-method> <!-- verify_Login -->
        <test-method is-config="true" signature="teardown()[pri:0, instance:testCases.TC002_LoginTest@45b4c3a9]" started-at="2025-05-27T15:05:46 IST" name="teardown" finished-at="2025-05-27T15:05:46 IST" duration-ms="147" status="PASS">
          <reporter-output>
          </reporter-output>
        </test-method> <!-- teardown -->
      </class> <!-- testCases.TC002_LoginTest -->
      <class name="testCases.TC001_AccountRegistrationTest">
        <test-method is-config="true" signature="SetUp(java.lang.String,java.lang.String)[pri:0, instance:testCases.TC001_AccountRegistrationTest@65d09a04]" started-at="2025-05-27T15:05:31 IST" name="SetUp" finished-at="2025-05-27T15:05:36 IST" duration-ms="4862" status="PASS">
          <params>
            <param index="0">
              <value>
                <![CDATA[Linux]]>
              </value>
            </param>
            <param index="1">
              <value>
                <![CDATA[chrome]]>
              </value>
            </param>
          </params>
          <reporter-output>
          </reporter-output>
        </test-method> <!-- SetUp -->
        <test-method signature="AccountRegistrationTest()[pri:0, instance:testCases.TC001_AccountRegistrationTest@65d09a04]" started-at="2025-05-27T15:05:36 IST" name="AccountRegistrationTest" finished-at="2025-05-27T15:05:40 IST" duration-ms="4214" status="PASS">
          <reporter-output>
          </reporter-output>
        </test-method> <!-- AccountRegistrationTest -->
        <test-method is-config="true" signature="teardown()[pri:0, instance:testCases.TC001_AccountRegistrationTest@65d09a04]" started-at="2025-05-27T15:05:41 IST" name="teardown" finished-at="2025-05-27T15:05:41 IST" duration-ms="167" status="PASS">
          <reporter-output>
          </reporter-output>
        </test-method> <!-- teardown -->
      </class> <!-- testCases.TC001_AccountRegistrationTest -->
    </test> <!-- chromeTest -->
  </suite> <!-- Suite -->
</testng-results>
