<?xml version="1.0" encoding="UTF-8"?>
<testng-results ignored="0" total="2" passed="2" failed="0" skipped="0">
  <reporter-output>
  </reporter-output>
  <suite started-at="2025-07-09T00:38:38 IST" name="Suite" finished-at="2025-07-09T00:39:00 IST" duration-ms="21232">
    <groups>
      <group name="Master">
        <method signature="TC001_AccountRegistrationTest.AccountRegistrationTest()[pri:0, instance:testCases.TC001_AccountRegistrationTest@65d09a04]" name="AccountRegistrationTest" class="testCases.TC001_AccountRegistrationTest"/>
        <method signature="TC002_LoginTest.verify_Login()[pri:0, instance:testCases.TC002_LoginTest@45b4c3a9]" name="verify_Login" class="testCases.TC002_LoginTest"/>
      </group> <!-- Master -->
      <group name="Sanity">
        <method signature="TC002_LoginTest.verify_Login()[pri:0, instance:testCases.TC002_LoginTest@45b4c3a9]" name="verify_Login" class="testCases.TC002_LoginTest"/>
      </group> <!-- Sanity -->
      <group name="Regression">
        <method signature="TC001_AccountRegistrationTest.AccountRegistrationTest()[pri:0, instance:testCases.TC001_AccountRegistrationTest@65d09a04]" name="AccountRegistrationTest" class="testCases.TC001_AccountRegistrationTest"/>
      </group> <!-- Regression -->
    </groups>
    <test started-at="2025-07-09T00:38:38 IST" name="Test" finished-at="2025-07-09T00:39:00 IST" duration-ms="21232">
      <class name="testCases.TC002_LoginTest">
        <test-method is-config="true" signature="SetUp(java.lang.String,java.lang.String)[pri:0, instance:testCases.TC002_LoginTest@45b4c3a9]" started-at="2025-07-09T00:38:48 IST" name="SetUp" finished-at="2025-07-09T00:38:57 IST" duration-ms="9237" status="PASS">
          <params>
            <param index="0">
              <value>
                <![CDATA[Windows]]>
              </value>
            </param>
            <param index="1">
              <value>
                <![CDATA[chrome]]>
              </value>
            </param>
          </params>
          <reporter-output>
          </reporter-output>
        </test-method> <!-- SetUp -->
        <test-method signature="verify_Login()[pri:0, instance:testCases.TC002_LoginTest@45b4c3a9]" started-at="2025-07-09T00:38:57 IST" name="verify_Login" finished-at="2025-07-09T00:38:59 IST" duration-ms="1965" status="PASS">
          <reporter-output>
          </reporter-output>
        </test-method> <!-- verify_Login -->
        <test-method is-config="true" signature="teardown()[pri:0, instance:testCases.TC002_LoginTest@45b4c3a9]" started-at="2025-07-09T00:38:59 IST" name="teardown" finished-at="2025-07-09T00:39:00 IST" duration-ms="371" status="PASS">
          <reporter-output>
          </reporter-output>
        </test-method> <!-- teardown -->
      </class> <!-- testCases.TC002_LoginTest -->
      <class name="testCases.TC001_AccountRegistrationTest">
        <test-method is-config="true" signature="SetUp(java.lang.String,java.lang.String)[pri:0, instance:testCases.TC001_AccountRegistrationTest@65d09a04]" started-at="2025-07-09T00:38:39 IST" name="SetUp" finished-at="2025-07-09T00:38:44 IST" duration-ms="5317" status="PASS">
          <params>
            <param index="0">
              <value>
                <![CDATA[Windows]]>
              </value>
            </param>
            <param index="1">
              <value>
                <![CDATA[chrome]]>
              </value>
            </param>
          </params>
          <reporter-output>
          </reporter-output>
        </test-method> <!-- SetUp -->
        <test-method signature="AccountRegistrationTest()[pri:0, instance:testCases.TC001_AccountRegistrationTest@65d09a04]" started-at="2025-07-09T00:38:44 IST" name="AccountRegistrationTest" finished-at="2025-07-09T00:38:48 IST" duration-ms="3336" status="PASS">
          <reporter-output>
          </reporter-output>
        </test-method> <!-- AccountRegistrationTest -->
        <test-method is-config="true" signature="teardown()[pri:0, instance:testCases.TC001_AccountRegistrationTest@65d09a04]" started-at="2025-07-09T00:38:48 IST" name="teardown" finished-at="2025-07-09T00:38:48 IST" duration-ms="308" status="PASS">
          <reporter-output>
          </reporter-output>
        </test-method> <!-- teardown -->
      </class> <!-- testCases.TC001_AccountRegistrationTest -->
    </test> <!-- Test -->
  </suite> <!-- Suite -->
</testng-results>
